0 info it worked if it ends with ok
1 verbose cli [ 'C:\\Program Files\\nodejs\\\\node.exe',
1 verbose cli   'C:\\Program Files\\nodejs\\node_modules\\npm\\bin\\npm-cli.js',
1 verbose cli   'install',
1 verbose cli   'bcrypt',
1 verbose cli   '-S' ]
2 info using npm@2.11.3
3 info using node@v0.12.7
4 verbose install initial load of E:\Node\qsoft\package.json
5 warn package.json qsoft@1.0.0 No description
6 warn package.json qsoft@1.0.0 No repository field.
7 verbose installManyTop reading scoped package data from E:\Node\qsoft\node_modules\acl\package.json
8 verbose installManyTop reading scoped package data from E:\Node\qsoft\node_modules\body-parser\package.json
9 verbose installManyTop reading scoped package data from E:\Node\qsoft\node_modules\colors\package.json
10 verbose installManyTop reading scoped package data from E:\Node\qsoft\node_modules\consolidate\package.json
11 verbose installManyTop reading scoped package data from E:\Node\qsoft\node_modules\cookie-parser\package.json
12 verbose installManyTop reading scoped package data from E:\Node\qsoft\node_modules\debug\package.json
13 verbose installManyTop reading scoped package data from E:\Node\qsoft\node_modules\dotenv\package.json
14 verbose installManyTop reading scoped package data from E:\Node\qsoft\node_modules\express\package.json
15 verbose installManyTop reading scoped package data from E:\Node\qsoft\node_modules\express-namespace\package.json
16 verbose installManyTop reading scoped package data from E:\Node\qsoft\node_modules\express-resource\package.json
17 verbose installManyTop reading scoped package data from E:\Node\qsoft\node_modules\gm\package.json
18 verbose installManyTop reading scoped package data from E:\Node\qsoft\node_modules\grunt\package.json
19 verbose installManyTop reading scoped package data from E:\Node\qsoft\node_modules\grunt-autoprefixer\package.json
20 verbose installManyTop reading scoped package data from E:\Node\qsoft\node_modules\grunt-contrib-clean\package.json
21 verbose installManyTop reading scoped package data from E:\Node\qsoft\node_modules\grunt-contrib-compass\package.json
22 verbose installManyTop reading scoped package data from E:\Node\qsoft\node_modules\grunt-contrib-concat\package.json
23 verbose installManyTop reading scoped package data from E:\Node\qsoft\node_modules\grunt-contrib-copy\package.json
24 verbose installManyTop reading scoped package data from E:\Node\qsoft\node_modules\grunt-contrib-csslint\package.json
25 verbose installManyTop reading scoped package data from E:\Node\qsoft\node_modules\grunt-contrib-cssmin\package.json
26 verbose installManyTop reading scoped package data from E:\Node\qsoft\node_modules\grunt-contrib-jshint\package.json
27 verbose installManyTop reading scoped package data from E:\Node\qsoft\node_modules\grunt-contrib-sass\package.json
28 verbose installManyTop reading scoped package data from E:\Node\qsoft\node_modules\grunt-contrib-uglify\package.json
29 verbose installManyTop reading scoped package data from E:\Node\qsoft\node_modules\grunt-contrib-watch\package.json
30 verbose installManyTop reading scoped package data from E:\Node\qsoft\node_modules\grunt-csscomb\package.json
31 verbose installManyTop reading scoped package data from E:\Node\qsoft\node_modules\jade\package.json
32 verbose installManyTop reading scoped package data from E:\Node\qsoft\node_modules\jsonwebtoken\package.json
33 verbose installManyTop reading scoped package data from E:\Node\qsoft\node_modules\lodash\package.json
34 verbose installManyTop reading scoped package data from E:\Node\qsoft\node_modules\method-override\package.json
35 verbose installManyTop reading scoped package data from E:\Node\qsoft\node_modules\mkdirp\package.json
36 verbose installManyTop reading scoped package data from E:\Node\qsoft\node_modules\moment\package.json
37 verbose installManyTop reading scoped package data from E:\Node\qsoft\node_modules\morgan\package.json
38 verbose installManyTop reading scoped package data from E:\Node\qsoft\node_modules\multer\package.json
39 verbose installManyTop reading scoped package data from E:\Node\qsoft\node_modules\mysql\package.json
40 verbose installManyTop reading scoped package data from E:\Node\qsoft\node_modules\passport\package.json
41 verbose installManyTop reading scoped package data from E:\Node\qsoft\node_modules\passport-local\package.json
42 verbose installManyTop reading scoped package data from E:\Node\qsoft\node_modules\password-hash\package.json
43 verbose installManyTop reading scoped package data from E:\Node\qsoft\node_modules\sequelize\package.json
44 verbose installManyTop reading scoped package data from E:\Node\qsoft\node_modules\sequelize-cli\package.json
45 verbose installManyTop reading scoped package data from E:\Node\qsoft\node_modules\slug\package.json
46 verbose installManyTop reading scoped package data from E:\Node\qsoft\node_modules\underscore.string\package.json
47 verbose installManyTop reading scoped package data from E:\Node\qsoft\node_modules\validator\package.json
48 info package.json express-namespace@0.1.1 No repository field.
49 info package.json express-namespace@0.1.1 No license field.
50 info package.json grunt@0.4.5 No license field.
51 info package.json grunt-contrib-clean@0.6.0 No license field.
52 info package.json grunt-contrib-compass@1.0.3 No license field.
53 info package.json grunt-contrib-concat@0.5.1 No license field.
54 info package.json grunt-contrib-sass@0.9.2 No license field.
55 info package.json grunt-contrib-watch@0.6.1 No license field.
56 info package.json grunt-csscomb@3.1.0 No license field.
57 info package.json express-resource@1.0.0 No repository field.
58 info package.json express-resource@1.0.0 No license field.
59 info package.json acl@0.4.8 No license field.
60 info package.json passport-local@1.0.0 No license field.
61 info package.json password-hash@1.2.2 No license field.
62 info package.json slug@0.9.1 No license field.
63 verbose readDependencies loading dependencies from E:\Node\qsoft\package.json
64 silly cache add args [ 'bcrypt', null ]
65 verbose cache add spec bcrypt
66 silly cache add parsed spec { raw: 'bcrypt',
66 silly cache add   scope: null,
66 silly cache add   name: 'bcrypt',
66 silly cache add   rawSpec: '',
66 silly cache add   spec: '*',
66 silly cache add   type: 'range' }
67 silly addNamed bcrypt@*
68 verbose addNamed "*" is a valid semver range for bcrypt
69 silly addNameRange { name: 'bcrypt', range: '*', hasData: false }
70 silly mapToRegistry name bcrypt
71 silly mapToRegistry using default registry
72 silly mapToRegistry registry https://registry.npmjs.org/
73 silly mapToRegistry uri https://registry.npmjs.org/bcrypt
74 verbose addNameRange registry:https://registry.npmjs.org/bcrypt not in flight; fetching
75 verbose request uri https://registry.npmjs.org/bcrypt
76 verbose request no auth needed
77 info attempt registry request try #1 at 17:10:58
78 verbose request id 56083eb9c4d75184
79 verbose etag "AGVJJKOVX0RCW84UFQOLDDW5M"
80 http request GET https://registry.npmjs.org/bcrypt
81 http 304 https://registry.npmjs.org/bcrypt
82 silly get cb [ 304,
82 silly get   { date: 'Tue, 08 Sep 2015 10:13:08 GMT',
82 silly get     via: '1.1 varnish',
82 silly get     'cache-control': 'max-age=60',
82 silly get     etag: '"AGVJJKOVX0RCW84UFQOLDDW5M"',
82 silly get     age: '0',
82 silly get     connection: 'keep-alive',
82 silly get     'x-served-by': 'cache-ams4122-AMS',
82 silly get     'x-cache': 'HIT',
82 silly get     'x-cache-hits': '1',
82 silly get     'x-timer': 'S1441707188.633562,VS0,VE96',
82 silly get     vary: 'Accept' } ]
83 verbose etag https://registry.npmjs.org/bcrypt from cache
84 verbose get saving bcrypt to C:\Users\thedv\AppData\Roaming\npm-cache\registry.npmjs.org\bcrypt\.cache.json
85 silly addNameRange number 2 { name: 'bcrypt', range: '*', hasData: true }
86 silly addNameRange versions [ 'bcrypt',
86 silly addNameRange   [ '0.1.2',
86 silly addNameRange     '0.2.0',
86 silly addNameRange     '0.2.1',
86 silly addNameRange     '0.1.3',
86 silly addNameRange     '0.2.2',
86 silly addNameRange     '0.2.3',
86 silly addNameRange     '0.2.4',
86 silly addNameRange     '0.3.0',
86 silly addNameRange     '0.3.1',
86 silly addNameRange     '0.3.2',
86 silly addNameRange     '0.4.0',
86 silly addNameRange     '0.4.1',
86 silly addNameRange     '0.5.0',
86 silly addNameRange     '0.6.0',
86 silly addNameRange     '0.7.0',
86 silly addNameRange     '0.7.1',
86 silly addNameRange     '0.7.2',
86 silly addNameRange     '0.7.3',
86 silly addNameRange     '0.7.4',
86 silly addNameRange     '0.7.5',
86 silly addNameRange     '0.7.6',
86 silly addNameRange     '0.7.7',
86 silly addNameRange     '0.7.8',
86 silly addNameRange     '0.8.0',
86 silly addNameRange     '0.8.1',
86 silly addNameRange     '0.8.2',
86 silly addNameRange     '0.8.3',
86 silly addNameRange     '0.8.4',
86 silly addNameRange     '0.8.5' ] ]
87 silly addNamed bcrypt@0.8.5
88 verbose addNamed "0.8.5" is a plain semver version for bcrypt
89 silly cache afterAdd bcrypt@0.8.5
90 verbose afterAdd C:\Users\thedv\AppData\Roaming\npm-cache\bcrypt\0.8.5\package\package.json not in flight; writing
91 verbose afterAdd C:\Users\thedv\AppData\Roaming\npm-cache\bcrypt\0.8.5\package\package.json written
92 silly install resolved [ { name: 'bcrypt',
92 silly install resolved     description: 'A bcrypt library for NodeJS.',
92 silly install resolved     keywords:
92 silly install resolved      [ 'bcrypt',
92 silly install resolved        'password',
92 silly install resolved        'auth',
92 silly install resolved        'authentication',
92 silly install resolved        'encryption',
92 silly install resolved        'crypt',
92 silly install resolved        'crypto' ],
92 silly install resolved     main: './bcrypt',
92 silly install resolved     version: '0.8.5',
92 silly install resolved     author: { name: 'Nick Campbell', url: 'https://github.com/ncb000gt' },
92 silly install resolved     engines: { node: '>= 0.6.0' },
92 silly install resolved     repository:
92 silly install resolved      { type: 'git',
92 silly install resolved        url: 'git+https://github.com/ncb000gt/node.bcrypt.js.git' },
92 silly install resolved     license: 'MIT',
92 silly install resolved     bugs: { url: 'https://github.com/ncb000gt/node.bcrypt.js/issues' },
92 silly install resolved     scripts:
92 silly install resolved      { test: 'node-gyp configure build && nodeunit test',
92 silly install resolved        install: 'node-gyp rebuild' },
92 silly install resolved     dependencies: { bindings: '1.2.1', nan: '2.0.5' },
92 silly install resolved     devDependencies: { nodeunit: '~0.9.1' },
92 silly install resolved     contributors:
92 silly install resolved      [ [Object],
92 silly install resolved        [Object],
92 silly install resolved        [Object],
92 silly install resolved        [Object],
92 silly install resolved        [Object],
92 silly install resolved        [Object],
92 silly install resolved        [Object],
92 silly install resolved        [Object],
92 silly install resolved        [Object],
92 silly install resolved        [Object],
92 silly install resolved        [Object],
92 silly install resolved        [Object],
92 silly install resolved        [Object],
92 silly install resolved        [Object] ],
92 silly install resolved     gypfile: true,
92 silly install resolved     gitHead: '5d97708f06754d7d7989c67ba867002d10013615',
92 silly install resolved     homepage: 'https://github.com/ncb000gt/node.bcrypt.js#readme',
92 silly install resolved     _id: 'bcrypt@0.8.5',
92 silly install resolved     _shasum: '8e5b81b4db80e944f440005979ca8d58a961861d',
92 silly install resolved     _from: 'bcrypt@*',
92 silly install resolved     _npmVersion: '2.13.3',
92 silly install resolved     _nodeVersion: '3.0.0',
92 silly install resolved     _npmUser: { name: 'defunctzombie', email: 'shtylman@gmail.com' },
92 silly install resolved     dist:
92 silly install resolved      { shasum: '8e5b81b4db80e944f440005979ca8d58a961861d',
92 silly install resolved        tarball: 'http://registry.npmjs.org/bcrypt/-/bcrypt-0.8.5.tgz' },
92 silly install resolved     maintainers: [ [Object], [Object], [Object], [Object] ],
92 silly install resolved     directories: {},
92 silly install resolved     _resolved: 'https://registry.npmjs.org/bcrypt/-/bcrypt-0.8.5.tgz',
92 silly install resolved     readme: 'ERROR: No README data found!' } ]
93 info install bcrypt@0.8.5 into E:\Node\qsoft
94 info installOne bcrypt@0.8.5
95 verbose installOne of bcrypt to E:\Node\qsoft not in flight; installing
96 verbose lock using C:\Users\thedv\AppData\Roaming\npm-cache\_locks\bcrypt-fa650d854ab1760d.lock for E:\Node\qsoft\node_modules\bcrypt
97 silly install write writing bcrypt 0.8.5 to E:\Node\qsoft\node_modules\bcrypt
98 verbose unbuild node_modules\bcrypt
99 silly gentlyRm E:\Node\qsoft\node_modules\bcrypt is being purged from base E:\Node\qsoft
100 verbose gentlyRm don't care about contents; nuking E:\Node\qsoft\node_modules\bcrypt
101 verbose tar unpack C:\Users\thedv\AppData\Roaming\npm-cache\bcrypt\0.8.5\package.tgz
102 verbose tar unpacking to E:\Node\qsoft\node_modules\bcrypt
103 silly gentlyRm E:\Node\qsoft\node_modules\bcrypt is being purged
104 verbose gentlyRm don't care about contents; nuking E:\Node\qsoft\node_modules\bcrypt
105 silly gunzTarPerm modes [ '777', '666' ]
106 silly gunzTarPerm extractEntry package.json
107 silly gunzTarPerm modified mode [ 'package.json', 420, 438 ]
108 silly gunzTarPerm extractEntry .npmignore
109 silly gunzTarPerm modified mode [ '.npmignore', 420, 438 ]
110 silly gunzTarPerm extractEntry README.md
111 silly gunzTarPerm modified mode [ 'README.md', 420, 438 ]
112 silly gunzTarPerm extractEntry LICENSE
113 silly gunzTarPerm modified mode [ 'LICENSE', 420, 438 ]
114 silly gunzTarPerm extractEntry bcrypt.js
115 silly gunzTarPerm modified mode [ 'bcrypt.js', 420, 438 ]
116 silly gunzTarPerm extractEntry binding.gyp
117 silly gunzTarPerm modified mode [ 'binding.gyp', 420, 438 ]
118 silly gunzTarPerm extractEntry .travis.yml
119 silly gunzTarPerm modified mode [ '.travis.yml', 420, 438 ]
120 silly gunzTarPerm extractEntry CHANGELOG.md
121 silly gunzTarPerm modified mode [ 'CHANGELOG.md', 420, 438 ]
122 silly gunzTarPerm extractEntry examples/async_compare.js
123 silly gunzTarPerm modified mode [ 'examples/async_compare.js', 420, 438 ]
124 silly gunzTarPerm extractEntry examples/forever_gen_salt.js
125 silly gunzTarPerm modified mode [ 'examples/forever_gen_salt.js', 420, 438 ]
126 silly gunzTarPerm extractEntry test/async.js
127 silly gunzTarPerm modified mode [ 'test/async.js', 420, 438 ]
128 silly gunzTarPerm extractEntry test/repetitions.js
129 silly gunzTarPerm modified mode [ 'test/repetitions.js', 420, 438 ]
130 silly gunzTarPerm extractEntry test/sync.js
131 silly gunzTarPerm modified mode [ 'test/sync.js', 420, 438 ]
132 silly gunzTarPerm extractEntry Makefile
133 silly gunzTarPerm modified mode [ 'Makefile', 420, 438 ]
134 silly gunzTarPerm extractEntry src/bcrypt.cc
135 silly gunzTarPerm modified mode [ 'src/bcrypt.cc', 420, 438 ]
136 silly gunzTarPerm extractEntry src/bcrypt_node.cc
137 silly gunzTarPerm modified mode [ 'src/bcrypt_node.cc', 420, 438 ]
138 silly gunzTarPerm extractEntry src/blowfish.cc
139 silly gunzTarPerm modified mode [ 'src/blowfish.cc', 420, 438 ]
140 silly gunzTarPerm extractEntry src/node_blf.h
141 silly gunzTarPerm modified mode [ 'src/node_blf.h', 420, 438 ]
142 silly gunzTarPerm extractEntry werker.yml
143 silly gunzTarPerm modified mode [ 'werker.yml', 420, 438 ]
144 verbose write writing to E:\Node\qsoft\node_modules\bcrypt\package.json
145 info preinstall bcrypt@0.8.5
146 verbose readDependencies loading dependencies from E:\Node\qsoft\node_modules\bcrypt\package.json
147 silly prepareForInstallMany adding bindings@1.2.1 from bcrypt dependencies
148 silly prepareForInstallMany adding nan@2.0.5 from bcrypt dependencies
149 verbose readDependencies loading dependencies from E:\Node\qsoft\node_modules\bcrypt\package.json
150 silly cache add args [ 'bindings@1.2.1', null ]
151 verbose cache add spec bindings@1.2.1
152 silly cache add args [ 'nan@2.0.5', null ]
153 verbose cache add spec nan@2.0.5
154 silly cache add parsed spec { raw: 'bindings@1.2.1',
154 silly cache add   scope: null,
154 silly cache add   name: 'bindings',
154 silly cache add   rawSpec: '1.2.1',
154 silly cache add   spec: '1.2.1',
154 silly cache add   type: 'version' }
155 silly addNamed bindings@1.2.1
156 verbose addNamed "1.2.1" is a plain semver version for bindings
157 silly mapToRegistry name bindings
158 silly mapToRegistry using default registry
159 silly mapToRegistry registry https://registry.npmjs.org/
160 silly mapToRegistry uri https://registry.npmjs.org/bindings
161 verbose addNameVersion registry:https://registry.npmjs.org/bindings not in flight; fetching
162 silly cache add parsed spec { raw: 'nan@2.0.5',
162 silly cache add   scope: null,
162 silly cache add   name: 'nan',
162 silly cache add   rawSpec: '2.0.5',
162 silly cache add   spec: '2.0.5',
162 silly cache add   type: 'version' }
163 silly addNamed nan@2.0.5
164 verbose addNamed "2.0.5" is a plain semver version for nan
165 silly mapToRegistry name nan
166 silly mapToRegistry using default registry
167 silly mapToRegistry registry https://registry.npmjs.org/
168 silly mapToRegistry uri https://registry.npmjs.org/nan
169 verbose addNameVersion registry:https://registry.npmjs.org/nan not in flight; fetching
170 verbose request uri https://registry.npmjs.org/bindings
171 verbose request no auth needed
172 info attempt registry request try #1 at 17:11:00
173 verbose etag "C703GY7AAJXUO0UMZR0WSP7SV"
174 http request GET https://registry.npmjs.org/bindings
175 verbose request uri https://registry.npmjs.org/nan
176 verbose request no auth needed
177 info attempt registry request try #1 at 17:11:00
178 verbose etag "5QZ9OTE3WP46Y8OFHIB2FDZH9"
179 http request GET https://registry.npmjs.org/nan
180 http 304 https://registry.npmjs.org/nan
181 silly get cb [ 304,
181 silly get   { date: 'Tue, 08 Sep 2015 10:13:10 GMT',
181 silly get     via: '1.1 varnish',
181 silly get     'cache-control': 'max-age=60',
181 silly get     etag: '"5QZ9OTE3WP46Y8OFHIB2FDZH9"',
181 silly get     age: '31',
181 silly get     connection: 'keep-alive',
181 silly get     'x-served-by': 'cache-ams4144-AMS',
181 silly get     'x-cache': 'HIT',
181 silly get     'x-cache-hits': '2',
181 silly get     'x-timer': 'S1441707190.224329,VS0,VE0',
181 silly get     vary: 'Accept' } ]
182 verbose etag https://registry.npmjs.org/nan from cache
183 verbose get saving nan to C:\Users\thedv\AppData\Roaming\npm-cache\registry.npmjs.org\nan\.cache.json
184 silly cache afterAdd nan@2.0.5
185 verbose afterAdd C:\Users\thedv\AppData\Roaming\npm-cache\nan\2.0.5\package\package.json not in flight; writing
186 http 304 https://registry.npmjs.org/bindings
187 silly get cb [ 304,
187 silly get   { date: 'Tue, 08 Sep 2015 10:13:10 GMT',
187 silly get     via: '1.1 varnish',
187 silly get     'cache-control': 'max-age=60',
187 silly get     etag: '"C703GY7AAJXUO0UMZR0WSP7SV"',
187 silly get     age: '9',
187 silly get     connection: 'keep-alive',
187 silly get     'x-served-by': 'cache-ams4129-AMS',
187 silly get     'x-cache': 'HIT',
187 silly get     'x-cache-hits': '1',
187 silly get     'x-timer': 'S1441707190.234829,VS0,VE0',
187 silly get     vary: 'Accept' } ]
188 verbose etag https://registry.npmjs.org/bindings from cache
189 verbose get saving bindings to C:\Users\thedv\AppData\Roaming\npm-cache\registry.npmjs.org\bindings\.cache.json
190 verbose afterAdd C:\Users\thedv\AppData\Roaming\npm-cache\nan\2.0.5\package\package.json written
191 silly cache afterAdd bindings@1.2.1
192 verbose afterAdd C:\Users\thedv\AppData\Roaming\npm-cache\bindings\1.2.1\package\package.json not in flight; writing
193 verbose afterAdd C:\Users\thedv\AppData\Roaming\npm-cache\bindings\1.2.1\package\package.json written
194 silly install resolved [ { name: 'nan',
194 silly install resolved     version: '2.0.5',
194 silly install resolved     description: 'Native Abstractions for Node.js: C++ header for Node 0.8->0.12 compatibility',
194 silly install resolved     main: 'include_dirs.js',
194 silly install resolved     repository: { type: 'git', url: 'git://github.com/nodejs/nan.git' },
194 silly install resolved     scripts:
194 silly install resolved      { test: 'tap --gc test/js/*-test.js',
194 silly install resolved        'rebuild-tests': 'pangyp rebuild --msvs_version=2013 --directory test',
194 silly install resolved        docs: 'doc/.build.sh' },
194 silly install resolved     contributors:
194 silly install resolved      [ [Object],
194 silly install resolved        [Object],
194 silly install resolved        [Object],
194 silly install resolved        [Object],
194 silly install resolved        [Object],
194 silly install resolved        [Object],
194 silly install resolved        [Object] ],
194 silly install resolved     devDependencies:
194 silly install resolved      { bindings: '~1.2.1',
194 silly install resolved        'node-gyp': '~2.0.2',
194 silly install resolved        pangyp: '~2.2.0',
194 silly install resolved        tap: '~0.7.1',
194 silly install resolved        xtend: '~4.0.0' },
194 silly install resolved     license: 'MIT',
194 silly install resolved     gitHead: 'd13a2e9ce762fd130877b53c71d35963fa2cf689',
194 silly install resolved     bugs: { url: 'https://github.com/nodejs/nan/issues' },
194 silly install resolved     homepage: 'https://github.com/nodejs/nan#readme',
194 silly install resolved     _id: 'nan@2.0.5',
194 silly install resolved     _shasum: '365888014be1fd178db0cbfa258edf7b0cb1c408',
194 silly install resolved     _from: 'nan@2.0.5',
194 silly install resolved     _npmVersion: '2.13.3',
194 silly install resolved     _nodeVersion: '3.0.0',
194 silly install resolved     _npmUser: { name: 'kkoopa', email: 'bbyholm@abo.fi' },
194 silly install resolved     maintainers: [ [Object], [Object] ],
194 silly install resolved     dist:
194 silly install resolved      { shasum: '365888014be1fd178db0cbfa258edf7b0cb1c408',
194 silly install resolved        tarball: 'http://registry.npmjs.org/nan/-/nan-2.0.5.tgz' },
194 silly install resolved     directories: {},
194 silly install resolved     _resolved: 'https://registry.npmjs.org/nan/-/nan-2.0.5.tgz',
194 silly install resolved     readme: 'ERROR: No README data found!' },
194 silly install resolved   { name: 'bindings',
194 silly install resolved     description: 'Helper module for loading your native module\'s .node file',
194 silly install resolved     keywords: [ 'native', 'addon', 'bindings', 'gyp', 'waf', 'c', 'c++' ],
194 silly install resolved     version: '1.2.1',
194 silly install resolved     author:
194 silly install resolved      { name: 'Nathan Rajlich',
194 silly install resolved        email: 'nathan@tootallnate.net',
194 silly install resolved        url: 'http://tootallnate.net' },
194 silly install resolved     repository:
194 silly install resolved      { type: 'git',
194 silly install resolved        url: 'git://github.com/TooTallNate/node-bindings.git' },
194 silly install resolved     main: './bindings.js',
194 silly install resolved     bugs: { url: 'https://github.com/TooTallNate/node-bindings/issues' },
194 silly install resolved     homepage: 'https://github.com/TooTallNate/node-bindings',
194 silly install resolved     license: 'MIT',
194 silly install resolved     gitHead: 'e404152ee27f8478ccbc7122ee051246e8e5ec02',
194 silly install resolved     _id: 'bindings@1.2.1',
194 silly install resolved     scripts: {},
194 silly install resolved     _shasum: '14ad6113812d2d37d72e67b4cacb4bb726505f11',
194 silly install resolved     _from: 'bindings@1.2.1',
194 silly install resolved     _npmVersion: '1.4.14',
194 silly install resolved     _npmUser: { name: 'tootallnate', email: 'nathan@tootallnate.net' },
194 silly install resolved     maintainers: [ [Object], [Object] ],
194 silly install resolved     dist:
194 silly install resolved      { shasum: '14ad6113812d2d37d72e67b4cacb4bb726505f11',
194 silly install resolved        tarball: 'http://registry.npmjs.org/bindings/-/bindings-1.2.1.tgz' },
194 silly install resolved     directories: {},
194 silly install resolved     _resolved: 'https://registry.npmjs.org/bindings/-/bindings-1.2.1.tgz',
194 silly install resolved     readme: 'ERROR: No README data found!' } ]
195 info install nan@2.0.5 into E:\Node\qsoft\node_modules\bcrypt
196 info install bindings@1.2.1 into E:\Node\qsoft\node_modules\bcrypt
197 info installOne nan@2.0.5
198 verbose installOne of nan to E:\Node\qsoft\node_modules\bcrypt not in flight; installing
199 info installOne bindings@1.2.1
200 verbose installOne of bindings to E:\Node\qsoft\node_modules\bcrypt not in flight; installing
201 verbose lock using C:\Users\thedv\AppData\Roaming\npm-cache\_locks\nan-68b907d612e96572.lock for E:\Node\qsoft\node_modules\bcrypt\node_modules\nan
202 silly install write writing nan 2.0.5 to E:\Node\qsoft\node_modules\bcrypt\node_modules\nan
203 verbose lock using C:\Users\thedv\AppData\Roaming\npm-cache\_locks\bindings-e32b8cb074d6ee75.lock for E:\Node\qsoft\node_modules\bcrypt\node_modules\bindings
204 silly install write writing bindings 1.2.1 to E:\Node\qsoft\node_modules\bcrypt\node_modules\bindings
205 verbose unbuild node_modules\bcrypt\node_modules\nan
206 silly gentlyRm E:\Node\qsoft\node_modules\bcrypt\node_modules\nan is being purged from base E:\Node\qsoft
207 verbose gentlyRm don't care about contents; nuking E:\Node\qsoft\node_modules\bcrypt\node_modules\nan
208 verbose unbuild node_modules\bcrypt\node_modules\bindings
209 verbose tar unpack C:\Users\thedv\AppData\Roaming\npm-cache\nan\2.0.5\package.tgz
210 verbose tar unpacking to E:\Node\qsoft\node_modules\bcrypt\node_modules\nan
211 silly gentlyRm E:\Node\qsoft\node_modules\bcrypt\node_modules\nan is being purged
212 verbose gentlyRm don't care about contents; nuking E:\Node\qsoft\node_modules\bcrypt\node_modules\nan
213 silly gunzTarPerm modes [ '777', '666' ]
214 silly gentlyRm E:\Node\qsoft\node_modules\bcrypt\node_modules\bindings is being purged from base E:\Node\qsoft
215 verbose gentlyRm don't care about contents; nuking E:\Node\qsoft\node_modules\bcrypt\node_modules\bindings
216 verbose tar unpack C:\Users\thedv\AppData\Roaming\npm-cache\bindings\1.2.1\package.tgz
217 verbose tar unpacking to E:\Node\qsoft\node_modules\bcrypt\node_modules\bindings
218 silly gentlyRm E:\Node\qsoft\node_modules\bcrypt\node_modules\bindings is being purged
219 verbose gentlyRm don't care about contents; nuking E:\Node\qsoft\node_modules\bcrypt\node_modules\bindings
220 silly gunzTarPerm modes [ '777', '666' ]
221 silly gunzTarPerm extractEntry package.json
222 silly gunzTarPerm modified mode [ 'package.json', 436, 438 ]
223 silly gunzTarPerm extractEntry package.json
224 silly gunzTarPerm modified mode [ 'package.json', 420, 438 ]
225 silly gunzTarPerm extractEntry README.md
226 silly gunzTarPerm modified mode [ 'README.md', 436, 438 ]
227 silly gunzTarPerm extractEntry include_dirs.js
228 silly gunzTarPerm modified mode [ 'include_dirs.js', 436, 438 ]
229 silly gunzTarPerm extractEntry README.md
230 silly gunzTarPerm modified mode [ 'README.md', 420, 438 ]
231 silly gunzTarPerm extractEntry bindings.js
232 silly gunzTarPerm modified mode [ 'bindings.js', 420, 438 ]
233 silly gunzTarPerm extractEntry nan_converters.h
234 silly gunzTarPerm modified mode [ 'nan_converters.h', 436, 438 ]
235 silly gunzTarPerm extractEntry LICENSE.md
236 silly gunzTarPerm modified mode [ 'LICENSE.md', 436, 438 ]
237 silly gunzTarPerm extractEntry .dntrc
238 silly gunzTarPerm modified mode [ '.dntrc', 436, 438 ]
239 silly gunzTarPerm extractEntry appveyor.yml
240 silly gunzTarPerm modified mode [ 'appveyor.yml', 436, 438 ]
241 verbose write writing to E:\Node\qsoft\node_modules\bcrypt\node_modules\bindings\package.json
242 silly gunzTarPerm extractEntry doc/new.md
243 silly gunzTarPerm modified mode [ 'doc/new.md', 436, 438 ]
244 silly gunzTarPerm extractEntry doc/.build.sh
245 silly gunzTarPerm modified mode [ 'doc/.build.sh', 509, 511 ]
246 info preinstall bindings@1.2.1
247 verbose readDependencies loading dependencies from E:\Node\qsoft\node_modules\bcrypt\node_modules\bindings\package.json
248 silly gunzTarPerm extractEntry doc/buffers.md
249 silly gunzTarPerm modified mode [ 'doc/buffers.md', 436, 438 ]
250 silly gunzTarPerm extractEntry doc/callback.md
251 silly gunzTarPerm modified mode [ 'doc/callback.md', 436, 438 ]
252 verbose readDependencies loading dependencies from E:\Node\qsoft\node_modules\bcrypt\node_modules\bindings\package.json
253 silly install resolved []
254 verbose about to build E:\Node\qsoft\node_modules\bcrypt\node_modules\bindings
255 info build E:\Node\qsoft\node_modules\bcrypt\node_modules\bindings
256 silly gunzTarPerm extractEntry doc/converters.md
257 silly gunzTarPerm modified mode [ 'doc/converters.md', 436, 438 ]
258 silly gunzTarPerm extractEntry doc/errors.md
259 silly gunzTarPerm modified mode [ 'doc/errors.md', 436, 438 ]
260 info linkStuff bindings@1.2.1
261 silly linkStuff bindings@1.2.1 has E:\Node\qsoft\node_modules\bcrypt\node_modules as its parent node_modules
262 silly gunzTarPerm extractEntry doc/maybe_types.md
263 silly gunzTarPerm modified mode [ 'doc/maybe_types.md', 436, 438 ]
264 silly gunzTarPerm extractEntry doc/methods.md
265 silly gunzTarPerm modified mode [ 'doc/methods.md', 436, 438 ]
266 verbose linkBins bindings@1.2.1
267 verbose linkMans bindings@1.2.1
268 verbose rebuildBundles bindings@1.2.1
269 info install bindings@1.2.1
270 info postinstall bindings@1.2.1
271 verbose unlock done using C:\Users\thedv\AppData\Roaming\npm-cache\_locks\bindings-e32b8cb074d6ee75.lock for E:\Node\qsoft\node_modules\bcrypt\node_modules\bindings
272 silly gunzTarPerm extractEntry doc/asyncworker.md
273 silly gunzTarPerm modified mode [ 'doc/asyncworker.md', 436, 438 ]
274 silly gunzTarPerm extractEntry doc/node_misc.md
275 silly gunzTarPerm modified mode [ 'doc/node_misc.md', 436, 438 ]
276 silly gunzTarPerm extractEntry doc/persistent.md
277 silly gunzTarPerm modified mode [ 'doc/persistent.md', 436, 438 ]
278 silly gunzTarPerm extractEntry doc/scopes.md
279 silly gunzTarPerm modified mode [ 'doc/scopes.md', 436, 438 ]
280 silly gunzTarPerm extractEntry doc/script.md
281 silly gunzTarPerm modified mode [ 'doc/script.md', 436, 438 ]
282 silly gunzTarPerm extractEntry doc/string_bytes.md
283 silly gunzTarPerm modified mode [ 'doc/string_bytes.md', 436, 438 ]
284 silly gunzTarPerm extractEntry doc/v8_internals.md
285 silly gunzTarPerm modified mode [ 'doc/v8_internals.md', 436, 438 ]
286 silly gunzTarPerm extractEntry doc/v8_misc.md
287 silly gunzTarPerm modified mode [ 'doc/v8_misc.md', 436, 438 ]
288 silly gunzTarPerm extractEntry nan.h
289 silly gunzTarPerm modified mode [ 'nan.h', 436, 438 ]
290 silly gunzTarPerm extractEntry nan_callbacks.h
291 silly gunzTarPerm modified mode [ 'nan_callbacks.h', 436, 438 ]
292 silly gunzTarPerm extractEntry nan_callbacks_12_inl.h
293 silly gunzTarPerm modified mode [ 'nan_callbacks_12_inl.h', 436, 438 ]
294 silly gunzTarPerm extractEntry nan_callbacks_pre_12_inl.h
295 silly gunzTarPerm modified mode [ 'nan_callbacks_pre_12_inl.h', 436, 438 ]
296 silly gunzTarPerm extractEntry nan_converters_43_inl.h
297 silly gunzTarPerm modified mode [ 'nan_converters_43_inl.h', 436, 438 ]
298 silly gunzTarPerm extractEntry nan_converters_pre_43_inl.h
299 silly gunzTarPerm modified mode [ 'nan_converters_pre_43_inl.h', 436, 438 ]
300 silly gunzTarPerm extractEntry nan_implementation_12_inl.h
301 silly gunzTarPerm modified mode [ 'nan_implementation_12_inl.h', 436, 438 ]
302 silly gunzTarPerm extractEntry nan_implementation_pre_12_inl.h
303 silly gunzTarPerm modified mode [ 'nan_implementation_pre_12_inl.h', 436, 438 ]
304 silly gunzTarPerm extractEntry nan_maybe_43_inl.h
305 silly gunzTarPerm modified mode [ 'nan_maybe_43_inl.h', 436, 438 ]
306 silly gunzTarPerm extractEntry nan_maybe_pre_43_inl.h
307 silly gunzTarPerm modified mode [ 'nan_maybe_pre_43_inl.h', 436, 438 ]
308 silly gunzTarPerm extractEntry nan_new.h
309 silly gunzTarPerm modified mode [ 'nan_new.h', 436, 438 ]
310 silly gunzTarPerm extractEntry nan_object_wrap.h
311 silly gunzTarPerm modified mode [ 'nan_object_wrap.h', 436, 438 ]
312 silly gunzTarPerm extractEntry nan_persistent_12_inl.h
313 silly gunzTarPerm modified mode [ 'nan_persistent_12_inl.h', 436, 438 ]
314 silly gunzTarPerm extractEntry nan_persistent_pre_12_inl.h
315 silly gunzTarPerm modified mode [ 'nan_persistent_pre_12_inl.h', 436, 438 ]
316 silly gunzTarPerm extractEntry nan_string_bytes.h
317 silly gunzTarPerm modified mode [ 'nan_string_bytes.h', 436, 438 ]
318 silly gunzTarPerm extractEntry nan_weak.h
319 silly gunzTarPerm modified mode [ 'nan_weak.h', 436, 438 ]
320 silly gunzTarPerm extractEntry CHANGELOG.md
321 silly gunzTarPerm modified mode [ 'CHANGELOG.md', 436, 438 ]
322 silly gunzTarPerm extractEntry tools/package.json
323 silly gunzTarPerm modified mode [ 'tools/package.json', 436, 438 ]
324 silly gunzTarPerm extractEntry tools/README.md
325 silly gunzTarPerm modified mode [ 'tools/README.md', 436, 438 ]
326 silly gunzTarPerm extractEntry tools/1to2.js
327 silly gunzTarPerm modified mode [ 'tools/1to2.js', 509, 511 ]
328 verbose write writing to E:\Node\qsoft\node_modules\bcrypt\node_modules\nan\package.json
329 info preinstall nan@2.0.5
330 verbose readDependencies loading dependencies from E:\Node\qsoft\node_modules\bcrypt\node_modules\nan\package.json
331 verbose readDependencies loading dependencies from E:\Node\qsoft\node_modules\bcrypt\node_modules\nan\package.json
332 silly install resolved []
333 verbose about to build E:\Node\qsoft\node_modules\bcrypt\node_modules\nan
334 info build E:\Node\qsoft\node_modules\bcrypt\node_modules\nan
335 info linkStuff nan@2.0.5
336 silly linkStuff nan@2.0.5 has E:\Node\qsoft\node_modules\bcrypt\node_modules as its parent node_modules
337 verbose linkBins nan@2.0.5
338 verbose linkMans nan@2.0.5
339 verbose rebuildBundles nan@2.0.5
340 info install nan@2.0.5
341 info postinstall nan@2.0.5
342 verbose unlock done using C:\Users\thedv\AppData\Roaming\npm-cache\_locks\nan-68b907d612e96572.lock for E:\Node\qsoft\node_modules\bcrypt\node_modules\nan
343 verbose about to build E:\Node\qsoft\node_modules\bcrypt
344 info build E:\Node\qsoft\node_modules\bcrypt
345 info linkStuff bcrypt@0.8.5
346 silly linkStuff bcrypt@0.8.5 has E:\Node\qsoft\node_modules as its parent node_modules
347 verbose linkBins bcrypt@0.8.5
348 verbose linkMans bcrypt@0.8.5
349 verbose rebuildBundles bcrypt@0.8.5
350 verbose rebuildBundles [ 'bindings', 'nan' ]
351 info install bcrypt@0.8.5
352 verbose unsafe-perm in lifecycle true
353 info bcrypt@0.8.5 Failed to exec install script
354 verbose unlock done using C:\Users\thedv\AppData\Roaming\npm-cache\_locks\bcrypt-fa650d854ab1760d.lock for E:\Node\qsoft\node_modules\bcrypt
355 verbose stack Error: bcrypt@0.8.5 install: `node-gyp rebuild`
355 verbose stack Exit status 1
355 verbose stack     at EventEmitter.<anonymous> (C:\Program Files\nodejs\node_modules\npm\lib\utils\lifecycle.js:213:16)
355 verbose stack     at EventEmitter.emit (events.js:110:17)
355 verbose stack     at ChildProcess.<anonymous> (C:\Program Files\nodejs\node_modules\npm\lib\utils\spawn.js:24:14)
355 verbose stack     at ChildProcess.emit (events.js:110:17)
355 verbose stack     at maybeClose (child_process.js:1015:16)
355 verbose stack     at Process.ChildProcess._handle.onexit (child_process.js:1087:5)
356 verbose pkgid bcrypt@0.8.5
357 verbose cwd E:\Node\qsoft
358 error Windows_NT 6.3.9600
359 error argv "C:\\Program Files\\nodejs\\\\node.exe" "C:\\Program Files\\nodejs\\node_modules\\npm\\bin\\npm-cli.js" "install" "bcrypt" "-S"
360 error node v0.12.7
361 error npm  v2.11.3
362 error code ELIFECYCLE
363 error bcrypt@0.8.5 install: `node-gyp rebuild`
363 error Exit status 1
364 error Failed at the bcrypt@0.8.5 install script 'node-gyp rebuild'.
364 error This is most likely a problem with the bcrypt package,
364 error not with npm itself.
364 error Tell the author that this fails on your system:
364 error     node-gyp rebuild
364 error You can get their info via:
364 error     npm owner ls bcrypt
364 error There is likely additional logging output above.
365 verbose exit [ 1, true ]
366 verbose unbuild node_modules\bcrypt
367 info preuninstall bcrypt@0.8.5
368 info uninstall bcrypt@0.8.5
369 verbose unbuild rmStuff bcrypt@0.8.5 from E:\Node\qsoft\node_modules
370 info postuninstall bcrypt@0.8.5
371 silly gentlyRm E:\Node\qsoft\node_modules\bcrypt is being purged from base E:\Node\qsoft
372 verbose gentlyRm don't care about contents; nuking E:\Node\qsoft\node_modules\bcrypt
373 silly vacuum-fs purging E:\Node\qsoft\node_modules\bcrypt
374 silly vacuum-fs quitting because other entries in E:\Node\qsoft\node_modules
